mode: count
github.com/patrickalin/bloomsky-client-go/bloomskyStructure/bloomskyStructure.go:87.40,89.2 1 0
github.com/patrickalin/bloomsky-client-go/bloomskyStructure/bloomskyStructure.go:92.59,94.16 2 1
github.com/patrickalin/bloomsky-client-go/bloomskyStructure/bloomskyStructure.go:98.2,99.10 2 1
github.com/patrickalin/bloomsky-client-go/bloomskyStructure/bloomskyStructure.go:94.16,97.3 2 0
github.com/patrickalin/bloomsky-client-go/bloomskyStructure/bloomskyStructure.go:103.64,106.2 2 0
github.com/patrickalin/bloomsky-client-go/bloomskyStructure/bloomskyStructure.go:109.56,111.2 1 1
github.com/patrickalin/bloomsky-client-go/bloomskyStructure/bloomskyStructure.go:114.60,116.2 1 1
github.com/patrickalin/bloomsky-client-go/bloomskyStructure/bloomskyStructure.go:119.63,121.2 1 0
github.com/patrickalin/bloomsky-client-go/bloomskyStructure/bloomskyStructure.go:124.59,126.2 1 0
github.com/patrickalin/bloomsky-client-go/bloomskyStructure/bloomskyStructure.go:129.54,131.2 1 0
github.com/patrickalin/bloomsky-client-go/bloomskyStructure/bloomskyStructure.go:134.74,136.2 1 0
github.com/patrickalin/bloomsky-client-go/bloomskyStructure/bloomskyStructure.go:139.71,141.2 1 0
github.com/patrickalin/bloomsky-client-go/bloomskyStructure/bloomskyStructure.go:144.61,146.2 1 0
github.com/patrickalin/bloomsky-client-go/bloomskyStructure/bloomskyStructure.go:149.64,151.2 1 0
github.com/patrickalin/bloomsky-client-go/bloomskyStructure/bloomskyStructure.go:154.65,156.2 1 0
github.com/patrickalin/bloomsky-client-go/bloomskyStructure/bloomskyStructure.go:159.65,161.2 1 0
github.com/patrickalin/bloomsky-client-go/bloomskyStructure/bloomskyStructure.go:164.64,166.2 1 0
github.com/patrickalin/bloomsky-client-go/bloomskyStructure/bloomskyStructure.go:169.63,171.2 1 0
github.com/patrickalin/bloomsky-client-go/bloomskyStructure/bloomskyStructure.go:174.74,176.2 1 0
github.com/patrickalin/bloomsky-client-go/bloomskyStructure/bloomskyStructure.go:179.73,181.2 1 0
github.com/patrickalin/bloomsky-client-go/bloomskyStructure/bloomskyStructure.go:184.53,186.2 1 0
github.com/patrickalin/bloomsky-client-go/bloomskyStructure/bloomskyStructure.go:189.64,191.2 1 0
github.com/patrickalin/bloomsky-client-go/bloomskyStructure/bloomskyStructure.go:194.59,196.2 1 0
github.com/patrickalin/bloomsky-client-go/bloomskyStructure/bloomskyStructure.go:199.63,201.2 1 0
github.com/patrickalin/bloomsky-client-go/bloomskyStructure/bloomskyStructure.go:204.64,206.2 1 0
github.com/patrickalin/bloomsky-client-go/bloomskyStructure/bloomskyStructure.go:209.59,211.2 1 0
github.com/patrickalin/bloomsky-client-go/bloomskyStructure/bloomskyStructure.go:214.63,216.2 1 0
github.com/patrickalin/bloomsky-client-go/bloomskyStructure/bloomskyStructure.go:224.70,240.16 10 0
github.com/patrickalin/bloomsky-client-go/bloomskyStructure/bloomskyStructure.go:251.2,251.16 1 0
github.com/patrickalin/bloomsky-client-go/bloomskyStructure/bloomskyStructure.go:255.2,256.34 2 0
github.com/patrickalin/bloomsky-client-go/bloomskyStructure/bloomskyStructure.go:240.16,242.17 2 0
github.com/patrickalin/bloomsky-client-go/bloomskyStructure/bloomskyStructure.go:242.17,246.4 3 0
github.com/patrickalin/bloomsky-client-go/bloomskyStructure/bloomskyStructure.go:246.4,248.4 1 0
github.com/patrickalin/bloomsky-client-go/bloomskyStructure/bloomskyStructure.go:251.16,253.3 1 0
github.com/patrickalin/bloomsky-client-go/bloomskyStructure/bloomskyStructure.go:260.57,265.16 4 1
github.com/patrickalin/bloomsky-client-go/bloomskyStructure/bloomskyStructure.go:269.2,271.24 2 1
github.com/patrickalin/bloomsky-client-go/bloomskyStructure/bloomskyStructure.go:265.16,267.3 1 0
